<?xml version="1.0" encoding="UTF-8"?>
<!-- Generated by org.testng.reporters.JUnitXMLReporter -->
<testsuite ignored="0" hostname="Master" failures="2" tests="4" name="ChromeTest" time="41.378" errors="0" timestamp="2021-11-29T12:43:39 IST">
  <testcase classname="testClasses.Test1" name="test1" time="0.1"/>
  <testcase classname="testClasses.Test1" name="test2" time="6.436"/>
  <testcase classname="testClasses.Test1" name="test3" time="1.062">
    <failure type="java.io.IOException" message="Your InputStream was neither an OLE2 stream, nor an OOXML stream or you haven&amp;apos;t provide the poi-ooxml*.jar in the classpath/modulepath - FileMagic: OOXML, having providers: [org.apache.poi.hssf.usermodel.HSSFWorkbookFactory@6fc3e1a4]">
      <![CDATA[java.io.IOException: Your InputStream was neither an OLE2 stream, nor an OOXML stream or you haven't provide the poi-ooxml*.jar in the classpath/modulepath - FileMagic: OOXML, having providers: [org.apache.poi.hssf.usermodel.HSSFWorkbookFactory@6fc3e1a4]
at org.apache.poi.ss.usermodel.WorkbookFactory.wp(WorkbookFactory.java:309)
at org.apache.poi.ss.usermodel.WorkbookFactory.create(WorkbookFactory.java:208)
at org.apache.poi.ss.usermodel.WorkbookFactory.create(WorkbookFactory.java:172)
at utility.UtilityClass.xls(UtilityClass.java:28)
at pomPack.AmazonSignin.enterUser(AmazonSignin.java:50)
at testClasses.Test1.test3(Test1.java:61)
at java.base/java.util.ArrayList.forEach(ArrayList.java:1541)
... Removed 27 stack frames]]>
    </failure>
  </testcase> <!-- test3 -->
  <testcase classname="testClasses.Test1" name="test4" time="0.002">
    <failure type="java.io.IOException" message="Your InputStream was neither an OLE2 stream, nor an OOXML stream or you haven&amp;apos;t provide the poi-ooxml*.jar in the classpath/modulepath - FileMagic: OOXML, having providers: [org.apache.poi.hssf.usermodel.HSSFWorkbookFactory@6fc3e1a4]">
      <![CDATA[java.io.IOException: Your InputStream was neither an OLE2 stream, nor an OOXML stream or you haven't provide the poi-ooxml*.jar in the classpath/modulepath - FileMagic: OOXML, having providers: [org.apache.poi.hssf.usermodel.HSSFWorkbookFactory@6fc3e1a4]
at org.apache.poi.ss.usermodel.WorkbookFactory.wp(WorkbookFactory.java:309)
at org.apache.poi.ss.usermodel.WorkbookFactory.create(WorkbookFactory.java:208)
at org.apache.poi.ss.usermodel.WorkbookFactory.create(WorkbookFactory.java:172)
at utility.UtilityClass.xls(UtilityClass.java:28)
at pomPack.AmazonSignin.enterPass(AmazonSignin.java:55)
at testClasses.Test1.test4(Test1.java:67)
at java.base/java.util.ArrayList.forEach(ArrayList.java:1541)
... Removed 27 stack frames]]>
    </failure>
  </testcase> <!-- test4 -->
</testsuite> <!-- ChromeTest -->
